2025-04-29T00:00:57: PM2 log: ===============================================================================
2025-04-29T00:00:57: PM2 log: --- New PM2 Daemon started ----------------------------------------------------
2025-04-29T00:00:57: PM2 log: Time                 : Tue Apr 29 2025 00:00:57 GMT+0200 (Central European Summer Time)
2025-04-29T00:00:57: PM2 log: PM2 version          : 6.0.5
2025-04-29T00:00:57: PM2 log: Node.js version      : 18.20.8
2025-04-29T00:00:57: PM2 log: Current arch         : x64
2025-04-29T00:00:57: PM2 log: PM2 home             : /root/.pm2
2025-04-29T00:00:57: PM2 log: PM2 PID file         : /root/.pm2/pm2.pid
2025-04-29T00:00:57: PM2 log: RPC socket file      : /root/.pm2/rpc.sock
2025-04-29T00:00:57: PM2 log: BUS socket file      : /root/.pm2/pub.sock
2025-04-29T00:00:57: PM2 log: Application log path : /root/.pm2/logs
2025-04-29T00:00:57: PM2 log: Worker Interval      : 30000
2025-04-29T00:00:57: PM2 log: Process dump file    : /root/.pm2/dump.pm2
2025-04-29T00:00:57: PM2 log: Concurrent actions   : 2
2025-04-29T00:00:57: PM2 log: SIGTERM timeout      : 1600
2025-04-29T00:00:57: PM2 log: Runtime Binary       : /usr/bin/node
2025-04-29T00:00:57: PM2 log: ===============================================================================
2025-04-29T00:00:57: PM2 log: App [contrataia-web:0] starting in -fork mode-
2025-04-29T00:00:57: PM2 log: App [contrataia-web:0] online
2025-04-29T00:00:57: PM2 log: App [contrataia-web:0] exited with code [254] via signal [SIGINT]
2025-04-29T00:00:57: PM2 log: App [contrataia-web:0] starting in -fork mode-
2025-04-29T00:00:57: PM2 log: App [contrataia-web:0] online
2025-04-29T00:00:58: PM2 log: App [contrataia-web:0] exited with code [254] via signal [SIGINT]
2025-04-29T00:00:58: PM2 log: App [contrataia-web:0] starting in -fork mode-
2025-04-29T00:00:58: PM2 log: App [contrataia-web:0] online
2025-04-29T00:00:58: PM2 log: App [contrataia-web:0] exited with code [254] via signal [SIGINT]
2025-04-29T00:00:58: PM2 log: App [contrataia-web:0] starting in -fork mode-
2025-04-29T00:00:58: PM2 log: App [contrataia-web:0] online
2025-04-29T00:00:58: PM2 log: App [contrataia-web:0] exited with code [254] via signal [SIGINT]
2025-04-29T00:00:58: PM2 log: App [contrataia-web:0] starting in -fork mode-
2025-04-29T00:00:58: PM2 log: App [contrataia-web:0] online
2025-04-29T00:00:59: PM2 log: App [contrataia-web:0] exited with code [254] via signal [SIGINT]
2025-04-29T00:00:59: PM2 log: App [contrataia-web:0] starting in -fork mode-
2025-04-29T00:00:59: PM2 log: App [contrataia-web:0] online
2025-04-29T00:00:59: PM2 log: App [contrataia-web:0] exited with code [254] via signal [SIGINT]
2025-04-29T00:00:59: PM2 log: App [contrataia-web:0] starting in -fork mode-
2025-04-29T00:00:59: PM2 log: App [contrataia-web:0] online
2025-04-29T00:00:59: PM2 log: App [contrataia-web:0] exited with code [254] via signal [SIGINT]
2025-04-29T00:00:59: PM2 log: App [contrataia-web:0] starting in -fork mode-
2025-04-29T00:00:59: PM2 log: App [contrataia-web:0] online
2025-04-29T00:00:59: PM2 log: App [contrataia-web:0] exited with code [254] via signal [SIGINT]
2025-04-29T00:00:59: PM2 log: App [contrataia-web:0] starting in -fork mode-
2025-04-29T00:00:59: PM2 log: App [contrataia-web:0] online
2025-04-29T00:01:00: PM2 log: App [contrataia-web:0] exited with code [254] via signal [SIGINT]
2025-04-29T00:01:00: PM2 log: App [contrataia-web:0] starting in -fork mode-
2025-04-29T00:01:00: PM2 log: App [contrataia-web:0] online
2025-04-29T00:01:00: PM2 log: App [contrataia-web:0] exited with code [254] via signal [SIGINT]
2025-04-29T00:01:00: PM2 log: App [contrataia-web:0] starting in -fork mode-
2025-04-29T00:01:00: PM2 log: App [contrataia-web:0] online
2025-04-29T00:01:00: PM2 log: App [contrataia-web:0] exited with code [254] via signal [SIGINT]
2025-04-29T00:01:00: PM2 log: App [contrataia-web:0] starting in -fork mode-
2025-04-29T00:01:00: PM2 log: App [contrataia-web:0] online
2025-04-29T00:01:01: PM2 log: App [contrataia-web:0] exited with code [254] via signal [SIGINT]
2025-04-29T00:01:01: PM2 log: App [contrataia-web:0] starting in -fork mode-
2025-04-29T00:01:01: PM2 log: App [contrataia-web:0] online
2025-04-29T00:01:01: PM2 log: App [contrataia-web:0] exited with code [254] via signal [SIGINT]
2025-04-29T00:01:01: PM2 log: App [contrataia-web:0] starting in -fork mode-
2025-04-29T00:01:01: PM2 log: App [contrataia-web:0] online
2025-04-29T00:01:01: PM2 log: App [contrataia-web:0] exited with code [254] via signal [SIGINT]
2025-04-29T00:01:01: PM2 log: App [contrataia-web:0] starting in -fork mode-
2025-04-29T00:01:01: PM2 log: App [contrataia-web:0] online
2025-04-29T00:01:02: PM2 log: App [contrataia-web:0] exited with code [254] via signal [SIGINT]
2025-04-29T00:01:02: PM2 log: App [contrataia-web:0] starting in -fork mode-
2025-04-29T00:01:02: PM2 log: App [contrataia-web:0] online
2025-04-29T00:01:02: PM2 log: App [contrataia-web:0] exited with code [254] via signal [SIGINT]
2025-04-29T00:01:02: PM2 log: Script /usr/bin/npm had too many unstable restarts (16). Stopped. "errored"
