0 verbose cli /usr/bin/node /usr/lib/node_modules/pm2/lib/ProcessContainerFork.js
1 info using npm@10.8.2
2 info using node@v18.20.8
3 silly config load:file:/usr/lib/node_modules/npm/npmrc
4 silly config load:file:/root/.npmrc
5 silly config load:file:/usr/etc/npmrc
6 verbose title npm start
7 verbose argv "start"
8 verbose logfile logs-max:10 dir:/root/.npm/_logs/2025-04-28T22_01_02_071Z-
9 verbose logfile /root/.npm/_logs/2025-04-28T22_01_02_071Z-debug-0.log
10 silly logfile start cleaning logs, removing 8 files
11 verbose stack Error: Could not read package.json: Error: ENOENT: no such file or directory, open '/root/package.json'
12 error code ENOENT
13 error syscall open
14 error path /root/package.json
15 error errno -2
16 error enoent Could not read package.json: Error: ENOENT: no such file or directory, open '/root/package.json'
17 error enoent This is related to npm not being able to find a file.
17 error enoent
18 verbose cwd /root
19 verbose os Linux 5.15.0-25-generic
20 verbose node v18.20.8
21 verbose npm  v10.8.2
22 verbose exit -2
23 verbose code -2
24 error A complete log of this run can be found in: /root/.npm/_logs/2025-04-28T22_01_02_071Z-debug-0.log
